[debug] [2021-06-14T06:57:42.957Z] ----------------------------------------------------------------------
[debug] [2021-06-14T06:57:42.959Z] Command:       C:\Program Files\nodejs\node.exe C:\Users\KAMAL\AppData\Roaming\npm\node_modules\firebase-tools\lib\bin\firebase.js init
[debug] [2021-06-14T06:57:42.959Z] CLI Version:   9.12.1
[debug] [2021-06-14T06:57:42.959Z] Platform:      win32
[debug] [2021-06-14T06:57:42.959Z] Node Version:  v14.16.0
[debug] [2021-06-14T06:57:42.960Z] Time:          Mon Jun 14 2021 12:27:42 GMT+0530 (India Standard Time)
[debug] [2021-06-14T06:57:42.960Z] ----------------------------------------------------------------------
[debug] 
[debug] [2021-06-14T06:57:42.970Z] > command requires scopes: ["email","openid","https://www.googleapis.com/auth/cloudplatformprojects.readonly","https://www.googleapis.com/auth/firebase","https://www.googleapis.com/auth/cloud-platform"]
[debug] [2021-06-14T06:57:42.970Z] > authorizing via signed-in user (kamal1169@gmail.com)
[info] 
     ######## #### ########  ######## ########     ###     ######  ########
     ##        ##  ##     ## ##       ##     ##  ##   ##  ##       ##
     ######    ##  ########  ######   ########  #########  ######  ######
     ##        ##  ##    ##  ##       ##     ## ##     ##       ## ##
     ##       #### ##     ## ######## ########  ##     ##  ######  ########

You're about to initialize a Firebase project in this directory:

  C:\Development\angular\task-app

Before we get started, keep in mind:

  * You are currently outside your home directory

[info] 
=== Project Setup
[info] 
[info] First, let's associate this project directory with a Firebase project.
[info] You can create multiple project aliases by running firebase use --add, 
[info] but for now we'll just set up a default project.
[info] 
[debug] [2021-06-14T06:58:10.425Z] >>> [apiv2][query] GET https://firebase.googleapis.com/v1beta1/projects pageSize=100
[debug] [2021-06-14T06:58:11.221Z] <<< [apiv2][status] GET https://firebase.googleapis.com/v1beta1/projects 200
[debug] [2021-06-14T06:58:11.221Z] <<< [apiv2][body] GET https://firebase.googleapis.com/v1beta1/projects [omitted]
[info] i  Using project task-app-2942c (task-app) 
[info] 
=== Firestore Setup
[debug] [2021-06-14T06:58:16.052Z] > refreshing access token with scopes: ["email","https://www.googleapis.com/auth/cloud-platform","https://www.googleapis.com/auth/cloudplatformprojects.readonly","https://www.googleapis.com/auth/firebase","openid"]
[debug] [2021-06-14T06:58:16.052Z] >>> HTTP REQUEST POST https://www.googleapis.com/oauth2/v3/token  
 <request body omitted>
[debug] [2021-06-14T06:58:16.251Z] <<< HTTP RESPONSE 200 {"date":"Mon, 14 Jun 2021 06:58:16 GMT","pragma":"no-cache","expires":"Mon, 01 Jan 1990 00:00:00 GMT","cache-control":"no-cache, no-store, max-age=0, must-revalidate","content-type":"application/json; charset=utf-8","vary":"X-Origin, Referer, Origin,Accept-Encoding","server":"scaffolding on HTTPServer2","x-xss-protection":"0","x-frame-options":"SAMEORIGIN","x-content-type-options":"nosniff","alt-svc":"h3=\":443\"; ma=2592000,h3-29=\":443\"; ma=2592000,h3-T051=\":443\"; ma=2592000,h3-Q050=\":443\"; ma=2592000,h3-Q046=\":443\"; ma=2592000,h3-Q043=\":443\"; ma=2592000,quic=\":443\"; ma=2592000; v=\"46,43\"","accept-ranges":"none","transfer-encoding":"chunked"}
[debug] [2021-06-14T06:58:16.260Z] >>> HTTP REQUEST GET https://serviceusage.googleapis.com/v1/projects/task-app-2942c/services/firestore.googleapis.com  
 
[debug] [2021-06-14T06:58:18.225Z] <<< HTTP RESPONSE 200 {"content-type":"application/json; charset=UTF-8","vary":"X-Origin, Referer, Origin,Accept-Encoding","date":"Mon, 14 Jun 2021 06:58:18 GMT","server":"ESF","cache-control":"private","x-xss-protection":"0","x-frame-options":"SAMEORIGIN","x-content-type-options":"nosniff","alt-svc":"h3=\":443\"; ma=2592000,h3-29=\":443\"; ma=2592000,h3-T051=\":443\"; ma=2592000,h3-Q050=\":443\"; ma=2592000,h3-Q046=\":443\"; ma=2592000,h3-Q043=\":443\"; ma=2592000,quic=\":443\"; ma=2592000; v=\"46,43\"","accept-ranges":"none","transfer-encoding":"chunked"}
[debug] [2021-06-14T06:58:18.226Z] >>> HTTP REQUEST GET https://appengine.googleapis.com/v1/apps/task-app-2942c  
 
[debug] [2021-06-14T06:58:19.235Z] <<< HTTP RESPONSE 200 {"content-type":"application/json; charset=UTF-8","vary":"X-Origin, Referer, Origin,Accept-Encoding","date":"Mon, 14 Jun 2021 06:58:19 GMT","server":"ESF","cache-control":"private","x-xss-protection":"0","x-frame-options":"SAMEORIGIN","x-content-type-options":"nosniff","alt-svc":"h3=\":443\"; ma=2592000,h3-29=\":443\"; ma=2592000,h3-T051=\":443\"; ma=2592000,h3-Q050=\":443\"; ma=2592000,h3-Q046=\":443\"; ma=2592000,h3-Q043=\":443\"; ma=2592000,quic=\":443\"; ma=2592000; v=\"46,43\"","accept-ranges":"none","transfer-encoding":"chunked"}
[debug] [2021-06-14T06:58:19.236Z] database_type: CLOUD_FIRESTORE
[debug] [2021-06-14T06:58:19.236Z] > command requires scopes: ["email","openid","https://www.googleapis.com/auth/cloudplatformprojects.readonly","https://www.googleapis.com/auth/firebase","https://www.googleapis.com/auth/cloud-platform"]
[debug] [2021-06-14T06:58:19.236Z] > authorizing via signed-in user (kamal1169@gmail.com)
[debug] [2021-06-14T06:58:19.236Z] [iam] checking project task-app-2942c for permissions ["firebase.projects.get"]
[debug] [2021-06-14T06:58:19.236Z] >>> HTTP REQUEST POST https://cloudresourcemanager.googleapis.com/v1/projects/task-app-2942c:testIamPermissions  
 {"permissions":["firebase.projects.get"]}
[debug] [2021-06-14T06:58:21.033Z] <<< HTTP RESPONSE 200 {"content-type":"application/json; charset=UTF-8","vary":"X-Origin, Referer, Origin,Accept-Encoding","date":"Mon, 14 Jun 2021 06:58:21 GMT","server":"ESF","cache-control":"private","x-xss-protection":"0","x-frame-options":"SAMEORIGIN","x-content-type-options":"nosniff","server-timing":"gfet4t7; dur=1443","alt-svc":"h3=\":443\"; ma=2592000,h3-29=\":443\"; ma=2592000,h3-T051=\":443\"; ma=2592000,h3-Q050=\":443\"; ma=2592000,h3-Q046=\":443\"; ma=2592000,h3-Q043=\":443\"; ma=2592000,quic=\":443\"; ma=2592000; v=\"46,43\"","accept-ranges":"none","transfer-encoding":"chunked"}
[info] 
[info] Firestore Security Rules allow you to define how and when to allow
[info] requests. You can keep these rules in your project directory
[info] and publish them with firebase deploy.
[info] 
[debug] [2021-06-14T06:58:33.662Z] >>> HTTP REQUEST GET https://firebaserules.googleapis.com/v1/projects/task-app-2942c/releases?pageSize=10&pageToken=  
 
[debug] [2021-06-14T06:58:35.371Z] <<< HTTP RESPONSE 200 {"content-type":"application/json; charset=UTF-8","vary":"X-Origin, Referer, Origin,Accept-Encoding","date":"Mon, 14 Jun 2021 06:58:35 GMT","server":"ESF","cache-control":"private","x-xss-protection":"0","x-frame-options":"SAMEORIGIN","x-content-type-options":"nosniff","alt-svc":"h3=\":443\"; ma=2592000,h3-29=\":443\"; ma=2592000,h3-T051=\":443\"; ma=2592000,h3-Q050=\":443\"; ma=2592000,h3-Q046=\":443\"; ma=2592000,h3-Q043=\":443\"; ma=2592000,quic=\":443\"; ma=2592000; v=\"46,43\"","accept-ranges":"none","transfer-encoding":"chunked"}
[debug] [2021-06-14T06:58:35.371Z] Found ruleset: projects/task-app-2942c/rulesets/ca00591f-f83b-4b0e-aa5b-d2740a5f237c
[debug] [2021-06-14T06:58:35.371Z] >>> HTTP REQUEST GET https://firebaserules.googleapis.com/v1/projects/task-app-2942c/rulesets/ca00591f-f83b-4b0e-aa5b-d2740a5f237c  
 
[debug] [2021-06-14T06:58:36.782Z] <<< HTTP RESPONSE 200 {"content-type":"application/json; charset=UTF-8","vary":"X-Origin, Referer, Origin,Accept-Encoding","date":"Mon, 14 Jun 2021 06:58:37 GMT","server":"ESF","cache-control":"private","x-xss-protection":"0","x-frame-options":"SAMEORIGIN","x-content-type-options":"nosniff","alt-svc":"h3=\":443\"; ma=2592000,h3-29=\":443\"; ma=2592000,h3-T051=\":443\"; ma=2592000,h3-Q050=\":443\"; ma=2592000,h3-Q046=\":443\"; ma=2592000,h3-Q043=\":443\"; ma=2592000,quic=\":443\"; ma=2592000; v=\"46,43\"","accept-ranges":"none","transfer-encoding":"chunked"}
[info] 
[info] Firestore indexes allow you to perform complex queries while
[info] maintaining performance that scales with the size of the result
[info] set. You can keep index definitions in your project directory
[info] and publish them with firebase deploy.
[info] 
[debug] [2021-06-14T06:58:40.934Z] >>> HTTP REQUEST GET https://firestore.googleapis.com/v1/projects/task-app-2942c/databases/(default)/collectionGroups/-/indexes  
 
[debug] [2021-06-14T06:58:40.934Z] >>> HTTP REQUEST GET https://firestore.googleapis.com/v1/projects/task-app-2942c/databases/(default)/collectionGroups/-/fields?filter=indexConfig.usesAncestorConfig=false  
 
[debug] [2021-06-14T06:58:42.013Z] <<< HTTP RESPONSE 200 {"content-type":"application/json; charset=UTF-8","vary":"X-Origin, Referer, Origin,Accept-Encoding","date":"Mon, 14 Jun 2021 06:58:42 GMT","server":"ESF","cache-control":"private","x-xss-protection":"0","x-frame-options":"SAMEORIGIN","x-content-type-options":"nosniff","alt-svc":"h3=\":443\"; ma=2592000,h3-29=\":443\"; ma=2592000,h3-T051=\":443\"; ma=2592000,h3-Q050=\":443\"; ma=2592000,h3-Q046=\":443\"; ma=2592000,h3-Q043=\":443\"; ma=2592000,quic=\":443\"; ma=2592000; v=\"46,43\"","accept-ranges":"none","transfer-encoding":"chunked"}
[debug] [2021-06-14T06:58:42.019Z] <<< HTTP RESPONSE 200 {"content-type":"application/json; charset=UTF-8","vary":"X-Origin, Referer, Origin,Accept-Encoding","date":"Mon, 14 Jun 2021 06:58:42 GMT","server":"ESF","cache-control":"private","x-xss-protection":"0","x-frame-options":"SAMEORIGIN","x-content-type-options":"nosniff","alt-svc":"h3=\":443\"; ma=2592000,h3-29=\":443\"; ma=2592000,h3-T051=\":443\"; ma=2592000,h3-Q050=\":443\"; ma=2592000,h3-Q046=\":443\"; ma=2592000,h3-Q043=\":443\"; ma=2592000,quic=\":443\"; ma=2592000; v=\"46,43\"","accept-ranges":"none","transfer-encoding":"chunked"}
[info] 
=== Hosting Setup
[info] 
[info] Your public directory is the folder (relative to your project directory) that
[info] will contain Hosting assets to be uploaded with firebase deploy. If you
[info] have a build process for your assets, use your build's output directory.
[info] 
[debug] [2021-06-14T06:59:45.341Z] >>> [apiv2][query] GET https://www.gstatic.com/firebasejs/releases.json [none]
[debug] [2021-06-14T06:59:45.451Z] <<< [apiv2][status] GET https://www.gstatic.com/firebasejs/releases.json 200
[debug] [2021-06-14T06:59:45.451Z] <<< [apiv2][body] GET https://www.gstatic.com/firebasejs/releases.json {"current":{"version":"8.6.7","browserURL":"https://www.gstatic.com/firebasejs/8.6.7/firebase.js","packageURL":"https://www.gstatic.com/firebasejs/8.6.7/firebase.tgz"},"live":{"version":"8.6","browserURL":"https://www.gstatic.com/firebasejs/live/8.6/firebase.js","packageURL":"https://www.gstatic.com/firebasejs/live/8.6/firebase.tgz"},"components":{"analytics":"https://www.gstatic.com/firebasejs/8.6.7/firebase-analytics.js","app":"https://www.gstatic.com/firebasejs/8.6.7/firebase-app.js","app-check":"https://www.gstatic.com/firebasejs/8.6.7/firebase-app-check.js","auth":"https://www.gstatic.com/firebasejs/8.6.7/firebase-auth.js","database":"https://www.gstatic.com/firebasejs/8.6.7/firebase-database.js","firestore":"https://www.gstatic.com/firebasejs/8.6.7/firebase-firestore.js","functions":"https://www.gstatic.com/firebasejs/8.6.7/firebase-functions.js","installations":"https://www.gstatic.com/firebasejs/8.6.7/firebase-installations.js","messaging":"https://www.gstatic.com/firebasejs/8.6.7/firebase-messaging.js","storage":"https://www.gstatic.com/firebasejs/8.6.7/firebase-storage.js","performance":"https://www.gstatic.com/firebasejs/8.6.7/firebase-performance.js","remote-config":"https://www.gstatic.com/firebasejs/8.6.7/firebase-remote-config.js","firestore.memory":"https://www.gstatic.com/firebasejs/8.6.7/firebase-firestore.memory.js"}}
[info] +  Wrote public/index.html 
[info] 
[info] i  Detected a .git folder at C:\Development\angular\task-app 
[info] i  Authorizing with GitHub to upload your service account to a GitHub repository's secrets store. 
[info] 
[info] Visit this URL on this device to log in:
[info] https://github.com/login/oauth/authorize?client_id=89cf50f02ac6aaed3484&state=326643811&redirect_uri=http%3A%2F%2Flocalhost%3A9005&scope=read%3Auser%20repo%20public_repo
[info] 
[info] Waiting for authentication...
[debug] [2021-06-14T07:02:31.137Z] >>> HTTP REQUEST POST https://github.com/login/oauth/access_token  
 {"client_id":"89cf50f02ac6aaed3484","client_secret":"3330d14abc895d9a74d5f17cd7a00711fa2c5bf0","code":"785ec1bc57c4eb6bc37f","redirect_uri":"http://localhost:9005","state":"326643811"}
[debug] [2021-06-14T07:02:31.524Z] <<< HTTP RESPONSE 200 {"server":"GitHub.com","date":"Mon, 14 Jun 2021 07:02:31 GMT","content-type":"application/json; charset=utf-8","transfer-encoding":"chunked","vary":"X-PJAX, Accept-Encoding, Accept, X-Requested-With","permissions-policy":"interest-cohort=()","etag":"W/\"82137863d0474f464098af1b5a33acdf\"","cache-control":"max-age=0, private, must-revalidate","strict-transport-security":"max-age=31536000; includeSubdomains; preload","x-frame-options":"deny","x-content-type-options":"nosniff","x-xss-protection":"0","referrer-policy":"origin-when-cross-origin, strict-origin-when-cross-origin","expect-ct":"max-age=2592000, report-uri=\"https://api.github.com/_private/browser/errors\"","content-security-policy":"default-src 'none'; base-uri 'self'; block-all-mixed-content; connect-src 'self' uploads.github.com www.githubstatus.com collector.githubapp.com api.github.com github-cloud.s3.amazonaws.com github-production-repository-file-5c1aeb.s3.amazonaws.com github-production-upload-manifest-file-7fdce7.s3.amazonaws.com github-production-user-asset-6210df.s3.amazonaws.com html-translator.herokuapp.com cdn.optimizely.com logx.optimizely.com/v1/events wss://alive.github.com; font-src github.githubassets.com; form-action 'self' github.com gist.github.com; frame-ancestors 'none'; frame-src render.githubusercontent.com; img-src 'self' data: github.githubassets.com identicons.github.com collector.githubapp.com github-cloud.s3.amazonaws.com secured-user-images.githubusercontent.com/ *.githubusercontent.com; manifest-src 'self'; media-src 'none'; script-src github.githubassets.com; style-src 'unsafe-inline' github.githubassets.com; worker-src github.com/socket-worker-3f088aa2.js gist.github.com/socket-worker-3f088aa2.js","x-github-request-id":"D6EE:4C8E:390AA2:48894F:60C6FF07"}
[debug] [2021-06-14T07:02:31.526Z] >>> [apiv2][query] GET https://api.github.com/user [none]
[debug] [2021-06-14T07:02:31.926Z] <<< [apiv2][status] GET https://api.github.com/user 200
[debug] [2021-06-14T07:02:31.926Z] <<< [apiv2][body] GET https://api.github.com/user {"login":"rodhiyamintu","id":59777864,"node_id":"MDQ6VXNlcjU5Nzc3ODY0","avatar_url":"https://avatars.githubusercontent.com/u/59777864?v=4","gravatar_id":"","url":"https://api.github.com/users/rodhiyamintu","html_url":"https://github.com/rodhiyamintu","followers_url":"https://api.github.com/users/rodhiyamintu/followers","following_url":"https://api.github.com/users/rodhiyamintu/following{/other_user}","gists_url":"https://api.github.com/users/rodhiyamintu/gists{/gist_id}","starred_url":"https://api.github.com/users/rodhiyamintu/starred{/owner}{/repo}","subscriptions_url":"https://api.github.com/users/rodhiyamintu/subscriptions","organizations_url":"https://api.github.com/users/rodhiyamintu/orgs","repos_url":"https://api.github.com/users/rodhiyamintu/repos","events_url":"https://api.github.com/users/rodhiyamintu/events{/privacy}","received_events_url":"https://api.github.com/users/rodhiyamintu/received_events","type":"User","site_admin":false,"name":null,"company":null,"blog":"","location":null,"email":null,"hireable":null,"bio":null,"twitter_username":null,"public_repos":1,"public_gists":0,"followers":0,"following":0,"created_at":"2020-01-11T20:50:15Z","updated_at":"2021-06-14T07:02:31Z","private_gists":0,"total_private_repos":2,"owned_private_repos":2,"disk_usage":124,"collaborators":0,"two_factor_authentication":false,"plan":{"name":"free","space":976562499,"collaborators":0,"private_repos":10000}}
[info] 
[info] +  Success! Logged into GitHub as rodhiyamintu 
[info] 
